2021-05-21 18:57:25 - Продуктов:11
2021-05-21 18:57:25 - 35800 Array
(
    [0] => https://denx.su//d/memori_komod1.jpg
    [1] => https://denx.su//d/memori_komod_vnutr1.jpg
)

2021-05-21 18:57:25 - 35800 Сохранен /home/papaha/domains/opencart/admin/../image//catalog/35800_0.jpg
2021-05-21 18:57:26 - 35800 Сохранен /home/papaha/domains/opencart/admin/../image//catalog/35800_1.jpg
2021-05-21 18:57:26 - 35801 Array
(
    [0] => https://denx.su//d/memori_stol1.jpg
    [1] => https://denx.su//d/memori_stol_vnutr1.jpg
)

2021-05-21 18:57:27 - 35801 Сохранен /home/papaha/domains/opencart/admin/../image//catalog/35801_0.jpg
2021-05-21 18:57:27 - 35801 Сохранен /home/papaha/domains/opencart/admin/../image//catalog/35801_1.jpg
2021-05-21 18:57:27 - 35802 Array
(
    [0] => https://denx.su//d/memori_shkaf-kupe1.jpg
    [1] => https://denx.su//d/memori_shk-k_vnutr1.jpg
)

2021-05-21 18:57:28 - 35802 Сохранен /home/papaha/domains/opencart/admin/../image//catalog/35802_0.jpg
2021-05-21 18:57:28 - 35802 Сохранен /home/papaha/domains/opencart/admin/../image//catalog/35802_1.jpg
2021-05-21 18:57:28 - 35803 Array
(
    [0] => https://denx.su//d/memori_puf1.jpg
)

2021-05-21 18:57:29 - 35803 Сохранен /home/papaha/domains/opencart/admin/../image//catalog/35803_0.jpg
2021-05-21 18:57:29 - 35804 Array
(
    [0] => https://denx.su//d/memori_shkaf_09-1.jpg
    [1] => https://denx.su//d/memori_shkaf_vnutr1.jpg
)

2021-05-21 18:57:30 - 35804 Сохранен /home/papaha/domains/opencart/admin/../image//catalog/35804_0.jpg
2021-05-21 18:57:30 - 35804 Сохранен /home/papaha/domains/opencart/admin/../image//catalog/35804_1.jpg
2021-05-21 18:57:30 - 35805 Array
(
    [0] => https://denx.su//d/memori_penal1.jpg
    [1] => https://denx.su//d/memori_penal_vnutr1.jpg
)

2021-05-21 18:57:31 - 35805 Сохранен /home/papaha/domains/opencart/admin/../image//catalog/35805_0.jpg
2021-05-21 18:57:32 - 35805 Сохранен /home/papaha/domains/opencart/admin/../image//catalog/35805_1.jpg
2021-05-21 18:57:32 - 35806 Array
(
    [0] => https://denx.su//d/memori_tb13-1.jpg
    [1] => https://denx.su//d/memori_tb13_vnutr1.jpg
)

2021-05-21 18:57:32 - 35806 Сохранен /home/papaha/domains/opencart/admin/../image//catalog/35806_0.jpg
2021-05-21 18:57:33 - 35806 Сохранен /home/papaha/domains/opencart/admin/../image//catalog/35806_1.jpg
2021-05-21 18:57:33 - 35807 Array
(
    [0] => https://denx.su//d/memori_krov.jpg
)

2021-05-21 18:57:33 - 35807 Сохранен /home/papaha/domains/opencart/admin/../image//catalog/35807_0.jpg
2021-05-21 18:57:33 - 35808 Array
(
    [0] => https://denx.su//d/milan_cs1.jpg
    [1] => https://denx.su//d/milan_cs_vnutr1.jpg
)

2021-05-21 18:57:39 - 35808 Сохранен /home/papaha/domains/opencart/admin/../image//catalog/35808_0.jpg
2021-05-21 18:57:40 - 35808 Сохранен /home/papaha/domains/opencart/admin/../image//catalog/35808_1.jpg
2021-05-21 18:57:40 - 35809 Array
(
    [0] => https://denx.su//d/milan_shk32-1.jpg
    [1] => https://denx.su//d/milan_shk32_vnutr1.jpg
)

2021-05-21 18:57:40 - 35809 Сохранен /home/papaha/domains/opencart/admin/../image//catalog/35809_0.jpg
2021-05-21 18:57:41 - 35809 Сохранен /home/papaha/domains/opencart/admin/../image//catalog/35809_1.jpg
2021-05-21 18:57:41 - 35810 Array
(
    [0] => https://denx.su//d/amor1.jpg
    [1] => https://denx.su//d/amor_vnutr.jpg
)

2021-05-21 18:57:47 - 35810 Сохранен /home/papaha/domains/opencart/admin/../image//catalog/35810_0.jpg
2021-05-21 18:57:47 - 35810 Сохранен /home/papaha/domains/opencart/admin/../image//catalog/35810_1.jpg
